Change Component Designator: Old Designator=C200 New Designator=C?
Change Component Designator: Old Designator=C407 New Designator=C?
Change Component Designator: Old Designator=C408 New Designator=C?
Change Component Designator: Old Designator=D401 New Designator=D?
Change Component Designator: Old Designator=D402 New Designator=D?
Change Component Designator: Old Designator=D403 New Designator=D?
Change Component Designator: Old Designator=P400 New Designator=P?
Change Component Designator: Old Designator=P401 New Designator=P?
Change Component Designator: Old Designator=P402 New Designator=P?
Change Component Designator: Old Designator=P407 New Designator=P?
Change Component Designator: Old Designator=P408 New Designator=P?
Change Component Designator: Old Designator=P409 New Designator=P?
Change Component Designator: Old Designator=P410 New Designator=P?
Change Component Designator: Old Designator=P411 New Designator=P?
Change Component Designator: Old Designator=P412 New Designator=P?
Change Component Designator: Old Designator=Q404 New Designator=Q?
Change Component Designator: Old Designator=Q405 New Designator=Q?
Change Component Designator: Old Designator=Q406 New Designator=Q?
Change Component Designator: Old Designator=R200 New Designator=R?
Change Component Designator: Old Designator=R400 New Designator=R?
Change Component Designator: Old Designator=R401 New Designator=R?
Change Component Designator: Old Designator=R402 New Designator=R?
Change Component Designator: Old Designator=R403 New Designator=R?
Change Component Designator: Old Designator=R412 New Designator=R?
Change Component Designator: Old Designator=R413 New Designator=R?
Change Component Designator: Old Designator=R414 New Designator=R?
Change Component Designator: Old Designator=R415 New Designator=R?
Change Component Designator: Old Designator=S200 New Designator=S?
Change Component Designator: Old Designator=TP400 New Designator=TP?
Change Component Designator: Old Designator=TP401 New Designator=TP?
