Change Component Designator: Old Designator=C? New Designator=C200
Change Component Designator: Old Designator=C? New Designator=C201
Change Component Designator: Old Designator=C? New Designator=C202
Change Component Designator: Old Designator=D? New Designator=D200
Change Component Designator: Old Designator=D? New Designator=D201
Change Component Designator: Old Designator=D? New Designator=D202
Change Component Designator: Old Designator=P? New Designator=P200
Change Component Designator: Old Designator=P? New Designator=P201
Change Component Designator: Old Designator=P? New Designator=P202
Change Component Designator: Old Designator=P? New Designator=P203
Change Component Designator: Old Designator=P? New Designator=P204
Change Component Designator: Old Designator=P? New Designator=P205
Change Component Designator: Old Designator=P? New Designator=P206
Change Component Designator: Old Designator=P? New Designator=P207
Change Component Designator: Old Designator=P? New Designator=P208
Change Component Designator: Old Designator=Q? New Designator=Q200
Change Component Designator: Old Designator=Q? New Designator=Q201
Change Component Designator: Old Designator=Q? New Designator=Q202
Change Component Designator: Old Designator=R? New Designator=R200
Change Component Designator: Old Designator=R? New Designator=R201
Change Component Designator: Old Designator=R? New Designator=R202
Change Component Designator: Old Designator=R? New Designator=R203
Change Component Designator: Old Designator=R? New Designator=R204
Change Component Designator: Old Designator=R? New Designator=R205
Change Component Designator: Old Designator=R? New Designator=R206
Change Component Designator: Old Designator=R? New Designator=R207
Change Component Designator: Old Designator=R? New Designator=R208
Change Component Designator: Old Designator=S? New Designator=S200
Change Component Designator: Old Designator=TP? New Designator=TP200
Change Component Designator: Old Designator=TP? New Designator=TP201
