Change Component Designator: Old Designator=? New Designator=400
Change Component Designator: Old Designator=C? New Designator=C400
Change Component Designator: Old Designator=C? New Designator=C401
Change Component Designator: Old Designator=C? New Designator=C402
Change Component Designator: Old Designator=C? New Designator=C403
Change Component Designator: Old Designator=C? New Designator=C404
Change Component Designator: Old Designator=C? New Designator=C405
Change Component Designator: Old Designator=C? New Designator=C406
Change Component Designator: Old Designator=D? New Designator=D400
Change Component Designator: Old Designator=P? New Designator=P400
Change Component Designator: Old Designator=P? New Designator=P401
Change Component Designator: Old Designator=P? New Designator=P402
Change Component Designator: Old Designator=P? New Designator=P403
Change Component Designator: Old Designator=Q? New Designator=Q402
Change Component Designator: Old Designator=Q? New Designator=Q403
Change Component Designator: Old Designator=Q? New Designator=Q402
Change Component Designator: Old Designator=Q? New Designator=Q403
Change Component Designator: Old Designator=Q? New Designator=Q400
Change Component Designator: Old Designator=Q? New Designator=Q401
Change Component Designator: Old Designator=R? New Designator=R400
Change Component Designator: Old Designator=R? New Designator=R401
Change Component Designator: Old Designator=R? New Designator=R402
Change Component Designator: Old Designator=R? New Designator=R403
Change Component Designator: Old Designator=R? New Designator=R404
Change Component Designator: Old Designator=R? New Designator=R405
Change Component Designator: Old Designator=R? New Designator=R406
Change Component Designator: Old Designator=R? New Designator=R407
Change Component Designator: Old Designator=TP? New Designator=TP400
Change Component Designator: Old Designator=TP? New Designator=TP401
Change Component Designator: Old Designator=TP? New Designator=TP402
Change Component Designator: Old Designator=U? New Designator=U400
Change Component Designator: Old Designator=U? New Designator=U401
