Change Component Designator: Old Designator=1 New Designator=400
Change Component Designator: Old Designator=C7 New Designator=C400
Change Component Designator: Old Designator=C8 New Designator=C401
Change Component Designator: Old Designator=C9 New Designator=C402
Change Component Designator: Old Designator=C10 New Designator=C403
Change Component Designator: Old Designator=C11 New Designator=C404
Change Component Designator: Old Designator=C12 New Designator=C405
Change Component Designator: Old Designator=C13 New Designator=C406
Change Component Designator: Old Designator=D4 New Designator=D400
Change Component Designator: Old Designator=LED1 New Designator=LED400
Change Component Designator: Old Designator=LED2 New Designator=LED401
Change Component Designator: Old Designator=LED3 New Designator=LED402
Change Component Designator: Old Designator=P1 New Designator=P401
Change Component Designator: Old Designator=P2 New Designator=P403
Change Component Designator: Old Designator=P3 New Designator=P404
Change Component Designator: Old Designator=P4 New Designator=P405
Change Component Designator: Old Designator=P5 New Designator=P406
Change Component Designator: Old Designator=P8 New Designator=P400
Change Component Designator: Old Designator=P9 New Designator=P402
Change Component Designator: Old Designator=Q2 New Designator=Q400
Change Component Designator: Old Designator=Q3 New Designator=Q401
Change Component Designator: Old Designator=Q4 New Designator=Q402
Change Component Designator: Old Designator=Q4 New Designator=Q402
Change Component Designator: Old Designator=Q5 New Designator=Q403
Change Component Designator: Old Designator=Q5 New Designator=Q403
Change Component Designator: Old Designator=R6 New Designator=R404
Change Component Designator: Old Designator=R7 New Designator=R405
Change Component Designator: Old Designator=R8 New Designator=R406
Change Component Designator: Old Designator=R9 New Designator=R407
Change Component Designator: Old Designator=R10 New Designator=R408
Change Component Designator: Old Designator=R11 New Designator=R409
Change Component Designator: Old Designator=R12 New Designator=R410
Change Component Designator: Old Designator=R13 New Designator=R411
Change Component Designator: Old Designator=R16 New Designator=R400
Change Component Designator: Old Designator=R17 New Designator=R402
Change Component Designator: Old Designator=R18 New Designator=R403
Change Component Designator: Old Designator=R19 New Designator=R401
Change Component Designator: Old Designator=TP1 New Designator=TP402
Change Component Designator: Old Designator=TP2 New Designator=TP403
Change Component Designator: Old Designator=TP3 New Designator=TP404
Change Component Designator: Old Designator=TP4 New Designator=TP401
Change Component Designator: Old Designator=TP5 New Designator=TP400
Change Component Designator: Old Designator=U2 New Designator=U400
Change Component Designator: Old Designator=U3 New Designator=U401
