Change Component Designator: Old Designator=C200 New Designator=C202
Change Component Designator: Old Designator=C407 New Designator=C201
Change Component Designator: Old Designator=C408 New Designator=C200
Change Component Designator: Old Designator=D401 New Designator=D200
Change Component Designator: Old Designator=D402 New Designator=D202
Change Component Designator: Old Designator=D403 New Designator=D201
Change Component Designator: Old Designator=P400 New Designator=P204
Change Component Designator: Old Designator=P401 New Designator=P201
Change Component Designator: Old Designator=P402 New Designator=P200
Change Component Designator: Old Designator=P407 New Designator=P202
Change Component Designator: Old Designator=P408 New Designator=P205
Change Component Designator: Old Designator=P409 New Designator=P206
Change Component Designator: Old Designator=P410 New Designator=P207
Change Component Designator: Old Designator=P411 New Designator=P208
Change Component Designator: Old Designator=P412 New Designator=P203
Change Component Designator: Old Designator=Q404 New Designator=Q201
Change Component Designator: Old Designator=Q405 New Designator=Q200
Change Component Designator: Old Designator=Q406 New Designator=Q202
Change Component Designator: Old Designator=R200 New Designator=R202
Change Component Designator: Old Designator=R400 New Designator=R203
Change Component Designator: Old Designator=R401 New Designator=R201
Change Component Designator: Old Designator=R402 New Designator=R208
Change Component Designator: Old Designator=R403 New Designator=R207
Change Component Designator: Old Designator=R412 New Designator=R206
Change Component Designator: Old Designator=R413 New Designator=R205
Change Component Designator: Old Designator=R414 New Designator=R204
Change Component Designator: Old Designator=R415 New Designator=R200
Change Component Designator: Old Designator=TP400 New Designator=TP200
Change Component Designator: Old Designator=TP401 New Designator=TP201
