Change Component Designator: Old Designator=400 New Designator=?
Change Component Designator: Old Designator=C400 New Designator=C?
Change Component Designator: Old Designator=C401 New Designator=C?
Change Component Designator: Old Designator=C402 New Designator=C?
Change Component Designator: Old Designator=C403 New Designator=C?
Change Component Designator: Old Designator=C404 New Designator=C?
Change Component Designator: Old Designator=C405 New Designator=C?
Change Component Designator: Old Designator=C406 New Designator=C?
Change Component Designator: Old Designator=D400 New Designator=D?
Change Component Designator: Old Designator=P403 New Designator=P?
Change Component Designator: Old Designator=P404 New Designator=P?
Change Component Designator: Old Designator=P405 New Designator=P?
Change Component Designator: Old Designator=P406 New Designator=P?
Change Component Designator: Old Designator=Q400 New Designator=Q?
Change Component Designator: Old Designator=Q401 New Designator=Q?
Change Component Designator: Old Designator=Q402 New Designator=Q?
Change Component Designator: Old Designator=Q402 New Designator=Q?
Change Component Designator: Old Designator=Q403 New Designator=Q?
Change Component Designator: Old Designator=Q403 New Designator=Q?
Change Component Designator: Old Designator=R404 New Designator=R?
Change Component Designator: Old Designator=R405 New Designator=R?
Change Component Designator: Old Designator=R406 New Designator=R?
Change Component Designator: Old Designator=R407 New Designator=R?
Change Component Designator: Old Designator=R408 New Designator=R?
Change Component Designator: Old Designator=R409 New Designator=R?
Change Component Designator: Old Designator=R410 New Designator=R?
Change Component Designator: Old Designator=R411 New Designator=R?
Change Component Designator: Old Designator=TP402 New Designator=TP?
Change Component Designator: Old Designator=TP403 New Designator=TP?
Change Component Designator: Old Designator=TP404 New Designator=TP?
Change Component Designator: Old Designator=U400 New Designator=U?
Change Component Designator: Old Designator=U401 New Designator=U?
