Added Component: Designator=D100(DIOTEC_DO-214AC_1K2A_2_H)
Add component. Clean all parameters for all variants
Add component (AddParameter): Name = "#Class"; Value = "DIODE"; VariantName = "[No Variations]"
Add component (AddParameter): Name = "#ClassSub"; Value = "SCHOTTKY"; VariantName = "[No Variations]"
Add component (AddParameter): Name = "ComponentLink1Description"; Value = "Manufacturer Link"; VariantName = "[No Variations]"
Add component (AddParameter): Name = "ComponentLink1URL"; Value = "http://diotec.com/en/products/all-products/productlist.html?aid=SK34SMA"; VariantName = "[No Variations]"
Add component (AddParameter): Name = "ComponentLink2Description"; Value = "Datasheet"; VariantName = "[No Variations]"
Add component (AddParameter): Name = "ComponentLink2URL"; Value = "http://diotec.com/tl_files/diotec/files/pdf/datasheets/sk32sma.pdf"; VariantName = "[No Variations]"
Add component (AddParameter): Name = "ComponentLink3Description"; Value = "Packaging Specification"; VariantName = "[No Variations]"
Add component (AddParameter): Name = "ComponentLink3URL"; Value = "http://diotec.com/en/products/all-products/productlist.html?aid=SK34SMA"; VariantName = "[No Variations]"
Add component (AddParameter): Name = "Distributor"; Value = "Distrelec"; VariantName = "[No Variations]"
Add component (AddParameter): Name = "Distributor PartNr"; Value = "600727"; VariantName = "[No Variations]"
Add component (AddParameter): Name = "Manufacturer"; Value = "Diotec Semiconductor"; VariantName = "[No Variations]"
Add component (AddParameter): Name = "Manufacturer PartNr"; Value = "SK34SMA"; VariantName = "[No Variations]"
Add component (AddParameter): Name = "Published"; Value = "20121217"; VariantName = "[No Variations]"
Add component (AddParameter): Name = "Publisher"; Value = "Stefan Ursella, M.Eng"; VariantName = "[No Variations]"
Add component (AddParameter): Name = "RefFileFOO"; Value = ""; VariantName = "[No Variations]"
Add component (AddParameter): Name = "RefFileSCH"; Value = ""; VariantName = "[No Variations]"
Add component (AddParameter): Name = "RefFootprint"; Value = "DIOTEC_DO-214AC_1K2A_2_H"; VariantName = "[No Variations]"
Add component (AddParameter): Name = "RefSchema"; Value = "DIOTEC_SK34SMA_DO-214AC"; VariantName = "[No Variations]"
Add component (AddParameter): Name = "Status"; Value = "nLager"; VariantName = "[No Variations]"
Added Component: Designator=LED100(CAPC1206)
Add component. Clean all parameters for all variants
Add component (AddParameter): Name = "#Class"; Value = "DIODE"; VariantName = "[No Variations]"
Add component (AddParameter): Name = "#ClassSub"; Value = "LED"; VariantName = "[No Variations]"
Add component (AddParameter): Name = "ComponentLink1Description"; Value = "Manufacturer Link"; VariantName = "[No Variations]"
Add component (AddParameter): Name = "ComponentLink1URL"; Value = "http://www.osram-os.com/osram_os/en/products/product-catalog/led-light-emitting-diodes/chipled/chipled-0805/ls-r976/index.jsp?search_result=%2fosram_os%2fen%2fsearch%2fadvanced_search.jsp%3faction%3ddosearch%26inp_searchterm_1%3dLS%2bR976%26website_name%3dosram_os_en"; VariantName = "[No Variations]"
Add component (AddParameter): Name = "ComponentLink2Description"; Value = "Datasheet"; VariantName = "[No Variations]"
Add component (AddParameter): Name = "ComponentLink2URL"; Value = "http://catalog.osram-os.com/catalogue/catalogue.do;jsessionid=8A0FA5146E77D3A917A5A5D383CD44B4?act=downloadFile&favOid=0200000600039319000100b6"; VariantName = "[No Variations]"
Add component (AddParameter): Name = "ComponentLink3Description"; Value = "Packaging Specification"; VariantName = "[No Variations]"
Add component (AddParameter): Name = "ComponentLink3URL"; Value = "http://catalog.osram-os.com/catalogue/catalogue.do;jsessionid=8A0FA5146E77D3A917A5A5D383CD44B4?act=downloadFile&favOid=0200000600039319000100b6"; VariantName = "[No Variations]"
Add component (AddParameter): Name = "Distributor"; Value = "Farnell"; VariantName = "[No Variations]"
Add component (AddParameter): Name = "Distributor PartNr"; Value = "1226392"; VariantName = "[No Variations]"
Add component (AddParameter): Name = "Manufacturer"; Value = "OSRAM"; VariantName = "[No Variations]"
Add component (AddParameter): Name = "Manufacturer PartNr"; Value = "LSR976"; VariantName = "[No Variations]"
Add component (AddParameter): Name = "Published"; Value = "20121218"; VariantName = "[No Variations]"
Add component (AddParameter): Name = "Publisher"; Value = "Stefan Ursella, M.Eng"; VariantName = "[No Variations]"
Add component (AddParameter): Name = "RefFileFOO"; Value = ""; VariantName = "[No Variations]"
Add component (AddParameter): Name = "RefFileSCH"; Value = ""; VariantName = "[No Variations]"
Add component (AddParameter): Name = "RefFootprint"; Value = "GEN_LED0805_1K2A_2_H"; VariantName = "[No Variations]"
Add component (AddParameter): Name = "RefSchema"; Value = "OSR_LSR976_0805(1K2A)"; VariantName = "[No Variations]"
Add component (AddParameter): Name = "Value"; Value = ""; VariantName = "[No Variations]"
Added Component: Designator=LED101(CAPC1206)
Add component. Clean all parameters for all variants
Add component (AddParameter): Name = "#Class"; Value = "DIODE"; VariantName = "[No Variations]"
Add component (AddParameter): Name = "#ClassSub"; Value = "LED"; VariantName = "[No Variations]"
Add component (AddParameter): Name = "ComponentLink1Description"; Value = "Manufacturer Link"; VariantName = "[No Variations]"
Add component (AddParameter): Name = "ComponentLink1URL"; Value = "http://www.osram-os.com/osram_os/en/products/product-catalog/led-light-emitting-diodes/chipled/chipled-0805/ls-r976/index.jsp?search_result=%2fosram_os%2fen%2fsearch%2fadvanced_search.jsp%3faction%3ddosearch%26inp_searchterm_1%3dLS%2bR976%26website_name%3dosram_os_en"; VariantName = "[No Variations]"
Add component (AddParameter): Name = "ComponentLink2Description"; Value = "Datasheet"; VariantName = "[No Variations]"
Add component (AddParameter): Name = "ComponentLink2URL"; Value = "http://catalog.osram-os.com/catalogue/catalogue.do;jsessionid=8A0FA5146E77D3A917A5A5D383CD44B4?act=downloadFile&favOid=0200000600039319000100b6"; VariantName = "[No Variations]"
Add component (AddParameter): Name = "ComponentLink3Description"; Value = "Packaging Specification"; VariantName = "[No Variations]"
Add component (AddParameter): Name = "ComponentLink3URL"; Value = "http://catalog.osram-os.com/catalogue/catalogue.do;jsessionid=8A0FA5146E77D3A917A5A5D383CD44B4?act=downloadFile&favOid=0200000600039319000100b6"; VariantName = "[No Variations]"
Add component (AddParameter): Name = "Distributor"; Value = "Farnell"; VariantName = "[No Variations]"
Add component (AddParameter): Name = "Distributor PartNr"; Value = "1226392"; VariantName = "[No Variations]"
Add component (AddParameter): Name = "Manufacturer"; Value = "OSRAM"; VariantName = "[No Variations]"
Add component (AddParameter): Name = "Manufacturer PartNr"; Value = "LSR976"; VariantName = "[No Variations]"
Add component (AddParameter): Name = "Published"; Value = "20121218"; VariantName = "[No Variations]"
Add component (AddParameter): Name = "Publisher"; Value = "Stefan Ursella, M.Eng"; VariantName = "[No Variations]"
Add component (AddParameter): Name = "RefFileFOO"; Value = ""; VariantName = "[No Variations]"
Add component (AddParameter): Name = "RefFileSCH"; Value = ""; VariantName = "[No Variations]"
Add component (AddParameter): Name = "RefFootprint"; Value = "GEN_LED0805_1K2A_2_H"; VariantName = "[No Variations]"
Add component (AddParameter): Name = "RefSchema"; Value = "OSR_LSR976_0805(1K2A)"; VariantName = "[No Variations]"
Add component (AddParameter): Name = "Value"; Value = ""; VariantName = "[No Variations]"
Added Component: Designator=LED202(CAPC1206)
Add component. Clean all parameters for all variants
Add component (AddParameter): Name = "#Class"; Value = "DIODE"; VariantName = "[No Variations]"
Add component (AddParameter): Name = "#ClassSub"; Value = "LED"; VariantName = "[No Variations]"
Add component (AddParameter): Name = "ComponentLink1Description"; Value = "Manufacturer Link"; VariantName = "[No Variations]"
Add component (AddParameter): Name = "ComponentLink1URL"; Value = "http://www.osram-os.com/osram_os/en/products/product-catalog/led-light-emitting-diodes/chipled/chipled-0805/ls-r976/index.jsp?search_result=%2fosram_os%2fen%2fsearch%2fadvanced_search.jsp%3faction%3ddosearch%26inp_searchterm_1%3dLS%2bR976%26website_name%3dosram_os_en"; VariantName = "[No Variations]"
Add component (AddParameter): Name = "ComponentLink2Description"; Value = "Datasheet"; VariantName = "[No Variations]"
Add component (AddParameter): Name = "ComponentLink2URL"; Value = "http://catalog.osram-os.com/catalogue/catalogue.do;jsessionid=8A0FA5146E77D3A917A5A5D383CD44B4?act=downloadFile&favOid=0200000600039319000100b6"; VariantName = "[No Variations]"
Add component (AddParameter): Name = "ComponentLink3Description"; Value = "Packaging Specification"; VariantName = "[No Variations]"
Add component (AddParameter): Name = "ComponentLink3URL"; Value = "http://catalog.osram-os.com/catalogue/catalogue.do;jsessionid=8A0FA5146E77D3A917A5A5D383CD44B4?act=downloadFile&favOid=0200000600039319000100b6"; VariantName = "[No Variations]"
Add component (AddParameter): Name = "Distributor"; Value = "Farnell"; VariantName = "[No Variations]"
Add component (AddParameter): Name = "Distributor PartNr"; Value = "1226392"; VariantName = "[No Variations]"
Add component (AddParameter): Name = "Manufacturer"; Value = "OSRAM"; VariantName = "[No Variations]"
Add component (AddParameter): Name = "Manufacturer PartNr"; Value = "LSR976"; VariantName = "[No Variations]"
Add component (AddParameter): Name = "Published"; Value = "20121218"; VariantName = "[No Variations]"
Add component (AddParameter): Name = "Publisher"; Value = "Stefan Ursella, M.Eng"; VariantName = "[No Variations]"
Add component (AddParameter): Name = "RefFileFOO"; Value = ""; VariantName = "[No Variations]"
Add component (AddParameter): Name = "RefFileSCH"; Value = ""; VariantName = "[No Variations]"
Add component (AddParameter): Name = "RefFootprint"; Value = "GEN_LED0805_1K2A_2_H"; VariantName = "[No Variations]"
Add component (AddParameter): Name = "RefSchema"; Value = "OSR_LSR976_0805(1K2A)"; VariantName = "[No Variations]"
Add component (AddParameter): Name = "Value"; Value = ""; VariantName = "[No Variations]"
Added Component: Designator=P100(2Pin Header 2.54mm)
Add component. Clean all parameters for all variants
Added Component: Designator=P507(GEN_HEADER-2.54mm_7_H)
Add component. Clean all parameters for all variants
Add component (AddParameter): Name = "#Class"; Value = "CONNECTOR"; VariantName = "[No Variations]"
Add component (AddParameter): Name = "#ClassSub"; Value = "HEADER"; VariantName = "[No Variations]"
Add component (AddParameter): Name = "ComponentLink1Description"; Value = "Manufacturer Link"; VariantName = "[No Variations]"
Add component (AddParameter): Name = "ComponentLink1URL"; Value = ""; VariantName = "[No Variations]"
Add component (AddParameter): Name = "ComponentLink2Description"; Value = "Datasheet"; VariantName = "[No Variations]"
Add component (AddParameter): Name = "ComponentLink2URL"; Value = ""; VariantName = "[No Variations]"
Add component (AddParameter): Name = "ComponentLink3Description"; Value = "Packaging Specification"; VariantName = "[No Variations]"
Add component (AddParameter): Name = "ComponentLink3URL"; Value = ""; VariantName = "[No Variations]"
Add component (AddParameter): Name = "Distributor"; Value = "tbd"; VariantName = "[No Variations]"
Add component (AddParameter): Name = "Distributor PartNr"; Value = "tbd"; VariantName = "[No Variations]"
Add component (AddParameter): Name = "Manufacturer"; Value = "tbd"; VariantName = "[No Variations]"
Add component (AddParameter): Name = "Manufacturer PartNr"; Value = "tbd"; VariantName = "[No Variations]"
Add component (AddParameter): Name = "Published"; Value = "20121218"; VariantName = "[No Variations]"
Add component (AddParameter): Name = "Publisher"; Value = "Altium Limited"; VariantName = "[No Variations]"
Add component (AddParameter): Name = "RefFileFOO"; Value = ""; VariantName = "[No Variations]"
Add component (AddParameter): Name = "RefFileSCH"; Value = ""; VariantName = "[No Variations]"
Add component (AddParameter): Name = "RefFootprint"; Value = "GEN_HEADER-2.54mm_7_H"; VariantName = "[No Variations]"
Add component (AddParameter): Name = "RefSchema"; Value = "GEN_HEADER_7"; VariantName = "[No Variations]"
Add component (AddParameter): Name = "Value"; Value = ""; VariantName = "[No Variations]"
Added Component: Designator=R205(GEN_R0805_H)
Add component. Clean all parameters for all variants
Add component (AddParameter): Name = "#Class"; Value = "PASSIVE"; VariantName = "[No Variations]"
Add component (AddParameter): Name = "#ClassSub"; Value = "RESISTOR"; VariantName = "[No Variations]"
Add component (AddParameter): Name = "ComponentLink1Description"; Value = "Manufacturer Link"; VariantName = "[No Variations]"
Add component (AddParameter): Name = "ComponentLink1URL"; Value = ""; VariantName = "[No Variations]"
Add component (AddParameter): Name = "ComponentLink2Description"; Value = "Datasheet"; VariantName = "[No Variations]"
Add component (AddParameter): Name = "ComponentLink2URL"; Value = ""; VariantName = "[No Variations]"
Add component (AddParameter): Name = "ComponentLink3Description"; Value = "Packaging Specification"; VariantName = "[No Variations]"
Add component (AddParameter): Name = "ComponentLink3URL"; Value = ""; VariantName = "[No Variations]"
Add component (AddParameter): Name = "Distributor"; Value = "tbd"; VariantName = "[No Variations]"
Add component (AddParameter): Name = "Distributor PartNr"; Value = "tbd"; VariantName = "[No Variations]"
Add component (AddParameter): Name = "Manufacturer"; Value = "Tbd"; VariantName = "[No Variations]"
Add component (AddParameter): Name = "Manufacturer PartNr"; Value = "tbd"; VariantName = "[No Variations]"
Add component (AddParameter): Name = "Published"; Value = "8-Jun-2000"; VariantName = "[No Variations]"
Add component (AddParameter): Name = "Publisher"; Value = "Altium Limited"; VariantName = "[No Variations]"
Add component (AddParameter): Name = "RefFileFOO"; Value = ""; VariantName = "[No Variations]"
Add component (AddParameter): Name = "RefFileSCH"; Value = ""; VariantName = "[No Variations]"
Add component (AddParameter): Name = "RefFootprint"; Value = "GEN_R0805_H"; VariantName = "[No Variations]"
Add component (AddParameter): Name = "RefSchema"; Value = "GEN_R_2"; VariantName = "[No Variations]"
Add component (AddParameter): Name = "Value"; Value = "10k"; VariantName = "[No Variations]"
Added Component: Designator=R305(GEN_R0805_H)
Add component. Clean all parameters for all variants
Add component (AddParameter): Name = "#Class"; Value = "PASSIVE"; VariantName = "[No Variations]"
Add component (AddParameter): Name = "#ClassSub"; Value = "RESISTOR"; VariantName = "[No Variations]"
Add component (AddParameter): Name = "ComponentLink1Description"; Value = "Manufacturer Link"; VariantName = "[No Variations]"
Add component (AddParameter): Name = "ComponentLink1URL"; Value = ""; VariantName = "[No Variations]"
Add component (AddParameter): Name = "ComponentLink2Description"; Value = "Datasheet"; VariantName = "[No Variations]"
Add component (AddParameter): Name = "ComponentLink2URL"; Value = ""; VariantName = "[No Variations]"
Add component (AddParameter): Name = "ComponentLink3Description"; Value = "Packaging Specification"; VariantName = "[No Variations]"
Add component (AddParameter): Name = "ComponentLink3URL"; Value = ""; VariantName = "[No Variations]"
Add component (AddParameter): Name = "Distributor"; Value = "tbd"; VariantName = "[No Variations]"
Add component (AddParameter): Name = "Distributor PartNr"; Value = "tbd"; VariantName = "[No Variations]"
Add component (AddParameter): Name = "Manufacturer"; Value = "Tbd"; VariantName = "[No Variations]"
Add component (AddParameter): Name = "Manufacturer PartNr"; Value = "tbd"; VariantName = "[No Variations]"
Add component (AddParameter): Name = "Published"; Value = "8-Jun-2000"; VariantName = "[No Variations]"
Add component (AddParameter): Name = "Publisher"; Value = "Altium Limited"; VariantName = "[No Variations]"
Add component (AddParameter): Name = "RefFileFOO"; Value = ""; VariantName = "[No Variations]"
Add component (AddParameter): Name = "RefFileSCH"; Value = ""; VariantName = "[No Variations]"
Add component (AddParameter): Name = "RefFootprint"; Value = "GEN_R0805_H"; VariantName = "[No Variations]"
Add component (AddParameter): Name = "RefSchema"; Value = "GEN_R_2"; VariantName = "[No Variations]"
Add component (AddParameter): Name = "Value"; Value = "10k"; VariantName = "[No Variations]"
Added Component: Designator=R405(GEN_R0805_H)
Add component. Clean all parameters for all variants
Add component (AddParameter): Name = "#Class"; Value = "PASSIVE"; VariantName = "[No Variations]"
Add component (AddParameter): Name = "#ClassSub"; Value = "RESISTOR"; VariantName = "[No Variations]"
Add component (AddParameter): Name = "ComponentLink1Description"; Value = "Manufacturer Link"; VariantName = "[No Variations]"
Add component (AddParameter): Name = "ComponentLink1URL"; Value = ""; VariantName = "[No Variations]"
Add component (AddParameter): Name = "ComponentLink2Description"; Value = "Datasheet"; VariantName = "[No Variations]"
Add component (AddParameter): Name = "ComponentLink2URL"; Value = ""; VariantName = "[No Variations]"
Add component (AddParameter): Name = "ComponentLink3Description"; Value = "Packaging Specification"; VariantName = "[No Variations]"
Add component (AddParameter): Name = "ComponentLink3URL"; Value = ""; VariantName = "[No Variations]"
Add component (AddParameter): Name = "Distributor"; Value = "tbd"; VariantName = "[No Variations]"
Add component (AddParameter): Name = "Distributor PartNr"; Value = "tbd"; VariantName = "[No Variations]"
Add component (AddParameter): Name = "Manufacturer"; Value = "Tbd"; VariantName = "[No Variations]"
Add component (AddParameter): Name = "Manufacturer PartNr"; Value = "tbd"; VariantName = "[No Variations]"
Add component (AddParameter): Name = "Published"; Value = "8-Jun-2000"; VariantName = "[No Variations]"
Add component (AddParameter): Name = "Publisher"; Value = "Altium Limited"; VariantName = "[No Variations]"
Add component (AddParameter): Name = "RefFileFOO"; Value = ""; VariantName = "[No Variations]"
Add component (AddParameter): Name = "RefFileSCH"; Value = ""; VariantName = "[No Variations]"
Add component (AddParameter): Name = "RefFootprint"; Value = "GEN_R0805_H"; VariantName = "[No Variations]"
Add component (AddParameter): Name = "RefSchema"; Value = "GEN_R_2"; VariantName = "[No Variations]"
Add component (AddParameter): Name = "Value"; Value = "10k"; VariantName = "[No Variations]"
Added Component: Designator=U100(SOT23-6)
Add component. Clean all parameters for all variants
Add component (AddParameter): Name = "ComponentLink1Description"; Value = "Datasheet TPS56x209"; VariantName = "[No Variations]"
Add component (AddParameter): Name = "ComponentLink1URL"; Value = "V:\Power_Management_ICs\PWM_Cont\TPS56x209.pdf"; VariantName = "[No Variations]"
Add component (AddParameter): Name = "Manufactor"; Value = "Texas Instruments"; VariantName = "[No Variations]"
Add component (AddParameter): Name = "Order Nr."; Value = "TPS562209DDCR"; VariantName = "[No Variations]"
Added Net: Name=3.3V
Added Pin To Net: NetName=5V Pin=P100-1
Added Net: Name=5V
Added Pin To Net: NetName=12V Pin=D100-1
Added Pin To Net: NetName=12V Pin=U100-3
Added Pin To Net: NetName=12V Pin=U100-5
Added Net: Name=12V
Added Pin To Net: NetName=GND Pin=LED100-1
Added Pin To Net: NetName=GND Pin=LED101-1
Added Pin To Net: NetName=GND Pin=LED202-1
Added Pin To Net: NetName=GND Pin=R205-2
Added Pin To Net: NetName=GND Pin=R305-2
Added Pin To Net: NetName=GND Pin=R405-2
Added Pin To Net: NetName=GND Pin=U100-1
Added Net: Name=GND
Added Pin To Net: NetName=NetC100_1 Pin=U100-6
Added Net: Name=NetC100_1
Added Pin To Net: NetName=NetC100_2 Pin=U100-2
Added Net: Name=NetC100_2
Added Pin To Net: NetName=NetC103_1 Pin=P100-2
Added Net: Name=NetC103_1
Added Pin To Net: NetName=NetD100_2 Pin=D100-2
Added Net: Name=NetD100_2
Added Net: Name=NetF100_1
Added Pin To Net: NetName=NetLED100_2 Pin=LED100-2
Added Net: Name=NetLED100_2
Added Pin To Net: NetName=NetLED101_2 Pin=LED101-2
Added Net: Name=NetLED101_2
Added Pin To Net: NetName=NetLED202_2 Pin=LED202-2
Added Net: Name=NetLED202_2
Added Net: Name=NetP501_1
Added Net: Name=NetP501_2
Added Net: Name=NetP502_1
Added Net: Name=NetP502_2
Added Net: Name=NetP503_1
Added Net: Name=NetP503_2
Added Net: Name=NetP504_1
Added Net: Name=NetP504_2
Added Net: Name=NetP505_1
Added Net: Name=NetP505_2
Added Net: Name=NetP506_1
Added Net: Name=NetP506_2
Added Net: Name=NetQ200_1
Added Net: Name=NetQ200_3
Added Net: Name=NetQ201_1
Added Net: Name=NetQ201_3
Added Net: Name=NetQ300_1
Added Net: Name=NetQ300_3
Added Net: Name=NetQ301_1
Added Net: Name=NetQ301_3
Added Net: Name=NetQ400_1
Added Net: Name=NetQ400_3
Added Net: Name=NetQ401_1
Added Net: Name=NetQ401_3
Added Pin To Net: NetName=NetR103_1 Pin=U100-4
Added Net: Name=NetR103_1
Added Pin To Net: NetName=nSleep Pin=P507-7
Added Pin To Net: NetName=nSleep Pin=R205-1
Added Pin To Net: NetName=nSleep Pin=R305-1
Added Pin To Net: NetName=nSleep Pin=R405-1
Added Net: Name=nSleep
Added Pin To Net: NetName=PWM_Motor1 Pin=P507-1
Added Net: Name=PWM_Motor1
Added Pin To Net: NetName=PWM_Motor2 Pin=P507-2
Added Net: Name=PWM_Motor2
Added Pin To Net: NetName=PWM_Motor3 Pin=P507-3
Added Net: Name=PWM_Motor3
Added Pin To Net: NetName=PWM_Motor4 Pin=P507-4
Added Net: Name=PWM_Motor4
Added Pin To Net: NetName=PWM_Motor5 Pin=P507-5
Added Net: Name=PWM_Motor5
Added Pin To Net: NetName=PWM_Motor6 Pin=P507-6
Added Net: Name=PWM_Motor6
Added Class: Name=Motor1: Fortbewegung    Motor2: Drehmechanismus
Added Class: Name=Motor3: Hubmechanismus    Motor3: Ausfahrmechanismus
Added Class: Name=Motor5: Vibbration    Motor6: Reserve
Added Class: Name=Spannungsversorgung: 12V, 5V, 3.3V
Added Class: Name=Uebersicht
Added Room: Name=Motor1: Fortbewegung    Motor2: Drehmechanismus
Added Room: Name=Motor3: Hubmechanismus    Motor3: Ausfahrmechanismus
Added Room: Name=Motor5: Vibbration    Motor6: Reserve
Added Room: Name=Spannungsversorgung: 12V, 5V, 3.3V
Added Room: Name=Uebersicht
