[0309/155733:INFO:CONSOLE(1)] "Uncaught SyntaxError: Unexpected identifier", source: http://sp.analytics.yahoo.com/sp.pl?a=10001942155268&jsonp=YAHOO.ywa.I13N.handleJSONResponse&d=Fri%2C%2009%20Mar%202018%2014%3A57%3A32%20GMT&n=-1&b=Altium%20Documentation%20%7C%20Online%20Documentation%20for%20Altium%20Products&.yp=429165&f=http%3A%2F%2Fwww.altium.com%2Fdocumentation%2F&enc=UTF-8 (1)
[0309/155737:ERROR:webrtcsession.cc(1388)] ConnectDataChannel called when data_channel_ is NULL.
[0309/155737:WARNING:mediasession.cc(376)] Duplicate id found. Reassigning from 101 to 127
[0309/155737:WARNING:p2ptransportchannel.cc(487)] Jingle:Port[034D4698:data:1:0:local:Net[any:0.0.0.x/0:Unknown]]: SetOption(5, 0) failed: 0
[0309/155737:WARNING:p2ptransportchannel.cc(487)] Jingle:Port[034D4900:data:1:0:local:Net[any:0:0:0:x:x:x:x:x/0:Unknown]]: SetOption(5, 0) failed: 0
[0309/155737:INFO:CONSOLE(25)] "[Facebook Pixel] - Multiple pixels with conflicting versions were detected on this page.", source: http://connect.facebook.net/en_US/fbevents.js (25)
[0313/134115:WARNING:dns_config_service_win.cc(665)] Failed to read DnsConfig.
[0313/134120:WARNING:dns_config_service_win.cc(665)] Failed to read DnsConfig.
[0313/134125:WARNING:dns_config_service_win.cc(665)] Failed to read DnsConfig.
[0313/134126:WARNING:dns_config_service_win.cc(665)] Failed to read DnsConfig.
[0313/175754:WARNING:dns_config_service_win.cc(665)] Failed to read DnsConfig.
[0313/175754:WARNING:dns_config_service_win.cc(665)] Failed to read DnsConfig.
[0313/175754:WARNING:dns_config_service_win.cc(665)] Failed to read DnsConfig.
[0313/175754:WARNING:dns_config_service_win.cc(665)] Failed to read DnsConfig.
[0320/153516:INFO:CONSOLE(1)] "Uncaught SyntaxError: Unexpected identifier", source: http://sp.analytics.yahoo.com/sp.pl?a=10001942155268&jsonp=YAHOO.ywa.I13N.handleJSONResponse&d=Tue%2C%2020%20Mar%202018%2014%3A35%3A16%20GMT&n=-1&b=Altium%20Documentation%20%7C%20Online%20Documentation%20for%20Altium%20Products&.yp=429165&f=http%3A%2F%2Fwww.altium.com%2Fdocumentation%2F&enc=UTF-8 (1)
[0320/153517:INFO:CONSOLE(25)] "[Facebook Pixel] - Multiple pixels with conflicting versions were detected on this page.", source: http://connect.facebook.net/en_US/fbevents.js (25)
[0320/153517:ERROR:webrtcsession.cc(1388)] ConnectDataChannel called when data_channel_ is NULL.
[0320/153517:WARNING:mediasession.cc(376)] Duplicate id found. Reassigning from 101 to 127
[0320/153517:WARNING:p2ptransportchannel.cc(487)] Jingle:Port[01501B50:data:1:0:local:Net[any:0.0.0.x/0:Unknown]]: SetOption(5, 0) failed: 0
[0320/153517:WARNING:p2ptransportchannel.cc(487)] Jingle:Port[015024F0:data:1:0:local:Net[any:0:0:0:x:x:x:x:x/0:Unknown]]: SetOption(5, 0) failed: 0
